Starting LogTest on medo.local with PID 41024 (started by medo in /Users/medo/project/java/springboot/sell_pro)
No active profile set, falling back to default profiles: default
Refreshing org.springframework.web.context.support.GenericWebApplicationContext@17f9d882: startup date [Wed Feb 05 13:15:07 CST 2020]; root of context hierarchy
HV000001: Hibernate Validator 5.3.5.Final
Building JPA container EntityManagerFactory for persistence unit 'default'
HHH000204: Processing PersistenceUnitInfo [
	name: default
	...]
HHH000412: Hibernate Core {5.0.12.Final}
HHH000206: hibernate.properties not found
HHH000021: Bytecode provider name : javassist
HCANN000001: Hibernate Commons Annotations {5.0.1.Final}
HHH000400: Using dialect: org.hibernate.dialect.MySQL5Dialect
Initialized JPA EntityManagerFactory for persistence unit 'default'
Looking for @ControllerAdvice: org.springframework.web.context.support.GenericWebApplicationContext@17f9d882: startup date [Wed Feb 05 13:15:07 CST 2020]; root of context hierarchy
Mapped "{[/error]}" onto public org.springframework.http.ResponseEntity<java.util.Map<java.lang.String, java.lang.Object>> org.springframework.boot.autoconfigure.web.BasicErrorController.error(javax.servlet.http.HttpServletRequest)
Mapped "{[/error],produces=[text/html]}" onto public org.springframework.web.servlet.ModelAndView org.springframework.boot.autoconfigure.web.BasicErrorController.errorHtml(javax.servlet.http.HttpServletRequest,javax.servlet.http.HttpServletResponse)
Mapped URL path [/webjars/**] onto handler of type [class org.springframework.web.servlet.resource.ResourceHttpRequestHandler]
Mapped URL path [/**] onto handler of type [class org.springframework.web.servlet.resource.ResourceHttpRequestHandler]
Mapped URL path [/**/favicon.ico] onto handler of type [class org.springframework.web.servlet.resource.ResourceHttpRequestHandler]
Started LogTest in 11.295 seconds (JVM running for 13.712)
test+info.....
Closing org.springframework.web.context.support.GenericWebApplicationContext@17f9d882: startup date [Wed Feb 05 13:15:07 CST 2020]; root of context hierarchy
Closing JPA EntityManagerFactory for persistence unit 'default'
Starting ProductCategoryRepositoryTest on medo.local with PID 29230 (started by medo in /Users/medo/project/java/springboot/sell_pro)
No active profile set, falling back to default profiles: default
Refreshing org.springframework.web.context.support.GenericWebApplicationContext@606e4010: startup date [Wed Feb 05 14:14:10 CST 2020]; root of context hierarchy
HV000001: Hibernate Validator 5.3.5.Final
Building JPA container EntityManagerFactory for persistence unit 'default'
HHH000204: Processing PersistenceUnitInfo [
	name: default
	...]
HHH000412: Hibernate Core {5.0.12.Final}
HHH000206: hibernate.properties not found
HHH000021: Bytecode provider name : javassist
HCANN000001: Hibernate Commons Annotations {5.0.1.Final}
HHH000400: Using dialect: org.hibernate.dialect.MySQL5Dialect
Initialized JPA EntityManagerFactory for persistence unit 'default'
Looking for @ControllerAdvice: org.springframework.web.context.support.GenericWebApplicationContext@606e4010: startup date [Wed Feb 05 14:14:10 CST 2020]; root of context hierarchy
Mapped "{[/error]}" onto public org.springframework.http.ResponseEntity<java.util.Map<java.lang.String, java.lang.Object>> org.springframework.boot.autoconfigure.web.BasicErrorController.error(javax.servlet.http.HttpServletRequest)
Mapped "{[/error],produces=[text/html]}" onto public org.springframework.web.servlet.ModelAndView org.springframework.boot.autoconfigure.web.BasicErrorController.errorHtml(javax.servlet.http.HttpServletRequest,javax.servlet.http.HttpServletResponse)
Mapped URL path [/webjars/**] onto handler of type [class org.springframework.web.servlet.resource.ResourceHttpRequestHandler]
Mapped URL path [/**] onto handler of type [class org.springframework.web.servlet.resource.ResourceHttpRequestHandler]
Mapped URL path [/**/favicon.ico] onto handler of type [class org.springframework.web.servlet.resource.ResourceHttpRequestHandler]
Started ProductCategoryRepositoryTest in 23.114 seconds (JVM running for 27.088)
Closing org.springframework.web.context.support.GenericWebApplicationContext@606e4010: startup date [Wed Feb 05 14:14:10 CST 2020]; root of context hierarchy
Closing JPA EntityManagerFactory for persistence unit 'default'
Starting ProductCategoryRepositoryTest on medo.local with PID 30481 (started by medo in /Users/medo/project/java/springboot/sell_pro)
No active profile set, falling back to default profiles: default
Refreshing org.springframework.web.context.support.GenericWebApplicationContext@606e4010: startup date [Wed Feb 05 14:14:57 CST 2020]; root of context hierarchy
HV000001: Hibernate Validator 5.3.5.Final
Building JPA container EntityManagerFactory for persistence unit 'default'
HHH000204: Processing PersistenceUnitInfo [
	name: default
	...]
HHH000412: Hibernate Core {5.0.12.Final}
HHH000206: hibernate.properties not found
HHH000021: Bytecode provider name : javassist
HCANN000001: Hibernate Commons Annotations {5.0.1.Final}
HHH000400: Using dialect: org.hibernate.dialect.MySQL5Dialect
Initialized JPA EntityManagerFactory for persistence unit 'default'
Looking for @ControllerAdvice: org.springframework.web.context.support.GenericWebApplicationContext@606e4010: startup date [Wed Feb 05 14:14:57 CST 2020]; root of context hierarchy
Mapped "{[/error]}" onto public org.springframework.http.ResponseEntity<java.util.Map<java.lang.String, java.lang.Object>> org.springframework.boot.autoconfigure.web.BasicErrorController.error(javax.servlet.http.HttpServletRequest)
Mapped "{[/error],produces=[text/html]}" onto public org.springframework.web.servlet.ModelAndView org.springframework.boot.autoconfigure.web.BasicErrorController.errorHtml(javax.servlet.http.HttpServletRequest,javax.servlet.http.HttpServletResponse)
Mapped URL path [/webjars/**] onto handler of type [class org.springframework.web.servlet.resource.ResourceHttpRequestHandler]
Mapped URL path [/**] onto handler of type [class org.springframework.web.servlet.resource.ResourceHttpRequestHandler]
Mapped URL path [/**/favicon.ico] onto handler of type [class org.springframework.web.servlet.resource.ResourceHttpRequestHandler]
Started ProductCategoryRepositoryTest in 10.549 seconds (JVM running for 13.199)
Closing org.springframework.web.context.support.GenericWebApplicationContext@606e4010: startup date [Wed Feb 05 14:14:57 CST 2020]; root of context hierarchy
Closing JPA EntityManagerFactory for persistence unit 'default'
Starting ProductCategoryRepositoryTest on medo.local with PID 34859 (started by medo in /Users/medo/project/java/springboot/sell_pro)
No active profile set, falling back to default profiles: default
Refreshing org.springframework.web.context.support.GenericWebApplicationContext@606e4010: startup date [Wed Feb 05 14:17:55 CST 2020]; root of context hierarchy
HV000001: Hibernate Validator 5.3.5.Final
Building JPA container EntityManagerFactory for persistence unit 'default'
HHH000204: Processing PersistenceUnitInfo [
	name: default
	...]
HHH000412: Hibernate Core {5.0.12.Final}
HHH000206: hibernate.properties not found
HHH000021: Bytecode provider name : javassist
HCANN000001: Hibernate Commons Annotations {5.0.1.Final}
HHH000400: Using dialect: org.hibernate.dialect.MySQL5Dialect
Initialized JPA EntityManagerFactory for persistence unit 'default'
Looking for @ControllerAdvice: org.springframework.web.context.support.GenericWebApplicationContext@606e4010: startup date [Wed Feb 05 14:17:55 CST 2020]; root of context hierarchy
Mapped "{[/error]}" onto public org.springframework.http.ResponseEntity<java.util.Map<java.lang.String, java.lang.Object>> org.springframework.boot.autoconfigure.web.BasicErrorController.error(javax.servlet.http.HttpServletRequest)
Mapped "{[/error],produces=[text/html]}" onto public org.springframework.web.servlet.ModelAndView org.springframework.boot.autoconfigure.web.BasicErrorController.errorHtml(javax.servlet.http.HttpServletRequest,javax.servlet.http.HttpServletResponse)
Mapped URL path [/webjars/**] onto handler of type [class org.springframework.web.servlet.resource.ResourceHttpRequestHandler]
Mapped URL path [/**] onto handler of type [class org.springframework.web.servlet.resource.ResourceHttpRequestHandler]
Mapped URL path [/**/favicon.ico] onto handler of type [class org.springframework.web.servlet.resource.ResourceHttpRequestHandler]
Started ProductCategoryRepositoryTest in 15.436 seconds (JVM running for 17.92)
Closing org.springframework.web.context.support.GenericWebApplicationContext@606e4010: startup date [Wed Feb 05 14:17:55 CST 2020]; root of context hierarchy
Closing JPA EntityManagerFactory for persistence unit 'default'
Starting ProductCategoryRepositoryTest on medo.local with PID 35632 (started by medo in /Users/medo/project/java/springboot/sell_pro)
No active profile set, falling back to default profiles: default
Refreshing org.springframework.web.context.support.GenericWebApplicationContext@606e4010: startup date [Wed Feb 05 14:18:33 CST 2020]; root of context hierarchy
HV000001: Hibernate Validator 5.3.5.Final
Building JPA container EntityManagerFactory for persistence unit 'default'
HHH000204: Processing PersistenceUnitInfo [
	name: default
	...]
HHH000412: Hibernate Core {5.0.12.Final}
HHH000206: hibernate.properties not found
HHH000021: Bytecode provider name : javassist
HCANN000001: Hibernate Commons Annotations {5.0.1.Final}
HHH000400: Using dialect: org.hibernate.dialect.MySQL5Dialect
Initialized JPA EntityManagerFactory for persistence unit 'default'
Looking for @ControllerAdvice: org.springframework.web.context.support.GenericWebApplicationContext@606e4010: startup date [Wed Feb 05 14:18:33 CST 2020]; root of context hierarchy
Mapped "{[/error]}" onto public org.springframework.http.ResponseEntity<java.util.Map<java.lang.String, java.lang.Object>> org.springframework.boot.autoconfigure.web.BasicErrorController.error(javax.servlet.http.HttpServletRequest)
Mapped "{[/error],produces=[text/html]}" onto public org.springframework.web.servlet.ModelAndView org.springframework.boot.autoconfigure.web.BasicErrorController.errorHtml(javax.servlet.http.HttpServletRequest,javax.servlet.http.HttpServletResponse)
Mapped URL path [/webjars/**] onto handler of type [class org.springframework.web.servlet.resource.ResourceHttpRequestHandler]
Mapped URL path [/**] onto handler of type [class org.springframework.web.servlet.resource.ResourceHttpRequestHandler]
Mapped URL path [/**/favicon.ico] onto handler of type [class org.springframework.web.servlet.resource.ResourceHttpRequestHandler]
Started ProductCategoryRepositoryTest in 11.999 seconds (JVM running for 14.24)
Closing org.springframework.web.context.support.GenericWebApplicationContext@606e4010: startup date [Wed Feb 05 14:18:33 CST 2020]; root of context hierarchy
Closing JPA EntityManagerFactory for persistence unit 'default'
Starting ProductCategoryRepositoryTest on medo.local with PID 36657 (started by medo in /Users/medo/project/java/springboot/sell_pro)
No active profile set, falling back to default profiles: default
Refreshing org.springframework.web.context.support.GenericWebApplicationContext@606e4010: startup date [Wed Feb 05 14:19:12 CST 2020]; root of context hierarchy
HV000001: Hibernate Validator 5.3.5.Final
Building JPA container EntityManagerFactory for persistence unit 'default'
HHH000204: Processing PersistenceUnitInfo [
	name: default
	...]
HHH000412: Hibernate Core {5.0.12.Final}
HHH000206: hibernate.properties not found
HHH000021: Bytecode provider name : javassist
HCANN000001: Hibernate Commons Annotations {5.0.1.Final}
HHH000400: Using dialect: org.hibernate.dialect.MySQL5Dialect
Initialized JPA EntityManagerFactory for persistence unit 'default'
Looking for @ControllerAdvice: org.springframework.web.context.support.GenericWebApplicationContext@606e4010: startup date [Wed Feb 05 14:19:12 CST 2020]; root of context hierarchy
Mapped "{[/error]}" onto public org.springframework.http.ResponseEntity<java.util.Map<java.lang.String, java.lang.Object>> org.springframework.boot.autoconfigure.web.BasicErrorController.error(javax.servlet.http.HttpServletRequest)
Mapped "{[/error],produces=[text/html]}" onto public org.springframework.web.servlet.ModelAndView org.springframework.boot.autoconfigure.web.BasicErrorController.errorHtml(javax.servlet.http.HttpServletRequest,javax.servlet.http.HttpServletResponse)
Mapped URL path [/webjars/**] onto handler of type [class org.springframework.web.servlet.resource.ResourceHttpRequestHandler]
Mapped URL path [/**] onto handler of type [class org.springframework.web.servlet.resource.ResourceHttpRequestHandler]
Mapped URL path [/**/favicon.ico] onto handler of type [class org.springframework.web.servlet.resource.ResourceHttpRequestHandler]
Started ProductCategoryRepositoryTest in 12.098 seconds (JVM running for 14.811)
Closing org.springframework.web.context.support.GenericWebApplicationContext@606e4010: startup date [Wed Feb 05 14:19:12 CST 2020]; root of context hierarchy
Closing JPA EntityManagerFactory for persistence unit 'default'
Starting ProductCategoryRepositoryTest on medo.local with PID 42281 (started by medo in /Users/medo/project/java/springboot/sell_pro)
No active profile set, falling back to default profiles: default
Refreshing org.springframework.web.context.support.GenericWebApplicationContext@8458f04: startup date [Wed Feb 05 14:23:02 CST 2020]; root of context hierarchy
HV000001: Hibernate Validator 5.3.5.Final
Building JPA container EntityManagerFactory for persistence unit 'default'
HHH000204: Processing PersistenceUnitInfo [
	name: default
	...]
HHH000412: Hibernate Core {5.0.12.Final}
HHH000206: hibernate.properties not found
HHH000021: Bytecode provider name : javassist
HCANN000001: Hibernate Commons Annotations {5.0.1.Final}
HHH000400: Using dialect: org.hibernate.dialect.MySQL5Dialect
Initialized JPA EntityManagerFactory for persistence unit 'default'
Looking for @ControllerAdvice: org.springframework.web.context.support.GenericWebApplicationContext@8458f04: startup date [Wed Feb 05 14:23:02 CST 2020]; root of context hierarchy
Mapped "{[/error]}" onto public org.springframework.http.ResponseEntity<java.util.Map<java.lang.String, java.lang.Object>> org.springframework.boot.autoconfigure.web.BasicErrorController.error(javax.servlet.http.HttpServletRequest)
Mapped "{[/error],produces=[text/html]}" onto public org.springframework.web.servlet.ModelAndView org.springframework.boot.autoconfigure.web.BasicErrorController.errorHtml(javax.servlet.http.HttpServletRequest,javax.servlet.http.HttpServletResponse)
Mapped URL path [/webjars/**] onto handler of type [class org.springframework.web.servlet.resource.ResourceHttpRequestHandler]
Mapped URL path [/**] onto handler of type [class org.springframework.web.servlet.resource.ResourceHttpRequestHandler]
Mapped URL path [/**/favicon.ico] onto handler of type [class org.springframework.web.servlet.resource.ResourceHttpRequestHandler]
Started ProductCategoryRepositoryTest in 12.316 seconds (JVM running for 14.953)
Closing org.springframework.web.context.support.GenericWebApplicationContext@8458f04: startup date [Wed Feb 05 14:23:02 CST 2020]; root of context hierarchy
Closing JPA EntityManagerFactory for persistence unit 'default'
Starting ProductCategoryRepositoryTest on medo.local with PID 60950 (started by medo in /Users/medo/project/java/springboot/sell_pro)
No active profile set, falling back to default profiles: default
Refreshing org.springframework.web.context.support.GenericWebApplicationContext@8458f04: startup date [Wed Feb 05 14:35:55 CST 2020]; root of context hierarchy
HV000001: Hibernate Validator 5.3.5.Final
Building JPA container EntityManagerFactory for persistence unit 'default'
HHH000204: Processing PersistenceUnitInfo [
	name: default
	...]
HHH000412: Hibernate Core {5.0.12.Final}
HHH000206: hibernate.properties not found
HHH000021: Bytecode provider name : javassist
HCANN000001: Hibernate Commons Annotations {5.0.1.Final}
HHH000400: Using dialect: org.hibernate.dialect.MySQL5Dialect
Initialized JPA EntityManagerFactory for persistence unit 'default'
Looking for @ControllerAdvice: org.springframework.web.context.support.GenericWebApplicationContext@8458f04: startup date [Wed Feb 05 14:35:55 CST 2020]; root of context hierarchy
Mapped "{[/error]}" onto public org.springframework.http.ResponseEntity<java.util.Map<java.lang.String, java.lang.Object>> org.springframework.boot.autoconfigure.web.BasicErrorController.error(javax.servlet.http.HttpServletRequest)
Mapped "{[/error],produces=[text/html]}" onto public org.springframework.web.servlet.ModelAndView org.springframework.boot.autoconfigure.web.BasicErrorController.errorHtml(javax.servlet.http.HttpServletRequest,javax.servlet.http.HttpServletResponse)
Mapped URL path [/webjars/**] onto handler of type [class org.springframework.web.servlet.resource.ResourceHttpRequestHandler]
Mapped URL path [/**] onto handler of type [class org.springframework.web.servlet.resource.ResourceHttpRequestHandler]
Mapped URL path [/**/favicon.ico] onto handler of type [class org.springframework.web.servlet.resource.ResourceHttpRequestHandler]
Started ProductCategoryRepositoryTest in 14.175 seconds (JVM running for 16.656)
Closing org.springframework.web.context.support.GenericWebApplicationContext@8458f04: startup date [Wed Feb 05 14:35:55 CST 2020]; root of context hierarchy
Closing JPA EntityManagerFactory for persistence unit 'default'
Starting ProductCategoryRepositoryTest on medo.local with PID 69405 (started by medo in /Users/medo/project/java/springboot/sell_pro)
No active profile set, falling back to default profiles: default
Refreshing org.springframework.web.context.support.GenericWebApplicationContext@8458f04: startup date [Wed Feb 05 14:41:48 CST 2020]; root of context hierarchy
HV000001: Hibernate Validator 5.3.5.Final
Building JPA container EntityManagerFactory for persistence unit 'default'
HHH000204: Processing PersistenceUnitInfo [
	name: default
	...]
HHH000412: Hibernate Core {5.0.12.Final}
HHH000206: hibernate.properties not found
HHH000021: Bytecode provider name : javassist
HCANN000001: Hibernate Commons Annotations {5.0.1.Final}
HHH000400: Using dialect: org.hibernate.dialect.MySQL5Dialect
Initialized JPA EntityManagerFactory for persistence unit 'default'
Looking for @ControllerAdvice: org.springframework.web.context.support.GenericWebApplicationContext@8458f04: startup date [Wed Feb 05 14:41:48 CST 2020]; root of context hierarchy
Mapped "{[/error]}" onto public org.springframework.http.ResponseEntity<java.util.Map<java.lang.String, java.lang.Object>> org.springframework.boot.autoconfigure.web.BasicErrorController.error(javax.servlet.http.HttpServletRequest)
Mapped "{[/error],produces=[text/html]}" onto public org.springframework.web.servlet.ModelAndView org.springframework.boot.autoconfigure.web.BasicErrorController.errorHtml(javax.servlet.http.HttpServletRequest,javax.servlet.http.HttpServletResponse)
Mapped URL path [/webjars/**] onto handler of type [class org.springframework.web.servlet.resource.ResourceHttpRequestHandler]
Mapped URL path [/**] onto handler of type [class org.springframework.web.servlet.resource.ResourceHttpRequestHandler]
Mapped URL path [/**/favicon.ico] onto handler of type [class org.springframework.web.servlet.resource.ResourceHttpRequestHandler]
Started ProductCategoryRepositoryTest in 12.854 seconds (JVM running for 15.763)
Closing org.springframework.web.context.support.GenericWebApplicationContext@8458f04: startup date [Wed Feb 05 14:41:48 CST 2020]; root of context hierarchy
Closing JPA EntityManagerFactory for persistence unit 'default'
Starting ProductCategoryRepositoryTest on medo.local with PID 78912 (started by medo in /Users/medo/project/java/springboot/sell_pro)
No active profile set, falling back to default profiles: default
Refreshing org.springframework.web.context.support.GenericWebApplicationContext@909217e: startup date [Wed Feb 05 14:47:43 CST 2020]; root of context hierarchy
HV000001: Hibernate Validator 5.3.5.Final
Building JPA container EntityManagerFactory for persistence unit 'default'
HHH000204: Processing PersistenceUnitInfo [
	name: default
	...]
HHH000412: Hibernate Core {5.0.12.Final}
HHH000206: hibernate.properties not found
HHH000021: Bytecode provider name : javassist
HCANN000001: Hibernate Commons Annotations {5.0.1.Final}
HHH000400: Using dialect: org.hibernate.dialect.MySQL5Dialect
Initialized JPA EntityManagerFactory for persistence unit 'default'
Looking for @ControllerAdvice: org.springframework.web.context.support.GenericWebApplicationContext@909217e: startup date [Wed Feb 05 14:47:43 CST 2020]; root of context hierarchy
Mapped "{[/error]}" onto public org.springframework.http.ResponseEntity<java.util.Map<java.lang.String, java.lang.Object>> org.springframework.boot.autoconfigure.web.BasicErrorController.error(javax.servlet.http.HttpServletRequest)
Mapped "{[/error],produces=[text/html]}" onto public org.springframework.web.servlet.ModelAndView org.springframework.boot.autoconfigure.web.BasicErrorController.errorHtml(javax.servlet.http.HttpServletRequest,javax.servlet.http.HttpServletResponse)
Mapped URL path [/webjars/**] onto handler of type [class org.springframework.web.servlet.resource.ResourceHttpRequestHandler]
Mapped URL path [/**] onto handler of type [class org.springframework.web.servlet.resource.ResourceHttpRequestHandler]
Mapped URL path [/**/favicon.ico] onto handler of type [class org.springframework.web.servlet.resource.ResourceHttpRequestHandler]
Started ProductCategoryRepositoryTest in 33.362 seconds (JVM running for 38.641)
Closing org.springframework.web.context.support.GenericWebApplicationContext@909217e: startup date [Wed Feb 05 14:47:43 CST 2020]; root of context hierarchy
Closing JPA EntityManagerFactory for persistence unit 'default'
Starting ProductCategoryRepositoryTest on medo.local with PID 98067 (started by medo in /Users/medo/project/java/springboot/sell_pro)
No active profile set, falling back to default profiles: default
Refreshing org.springframework.web.context.support.GenericWebApplicationContext@413d1baf: startup date [Wed Feb 05 15:00:45 CST 2020]; root of context hierarchy
HV000001: Hibernate Validator 5.3.5.Final
Building JPA container EntityManagerFactory for persistence unit 'default'
HHH000204: Processing PersistenceUnitInfo [
	name: default
	...]
HHH000412: Hibernate Core {5.0.12.Final}
HHH000206: hibernate.properties not found
HHH000021: Bytecode provider name : javassist
HCANN000001: Hibernate Commons Annotations {5.0.1.Final}
HHH000400: Using dialect: org.hibernate.dialect.MySQL5Dialect
Initialized JPA EntityManagerFactory for persistence unit 'default'
Looking for @ControllerAdvice: org.springframework.web.context.support.GenericWebApplicationContext@413d1baf: startup date [Wed Feb 05 15:00:45 CST 2020]; root of context hierarchy
Mapped "{[/error]}" onto public org.springframework.http.ResponseEntity<java.util.Map<java.lang.String, java.lang.Object>> org.springframework.boot.autoconfigure.web.BasicErrorController.error(javax.servlet.http.HttpServletRequest)
Mapped "{[/error],produces=[text/html]}" onto public org.springframework.web.servlet.ModelAndView org.springframework.boot.autoconfigure.web.BasicErrorController.errorHtml(javax.servlet.http.HttpServletRequest,javax.servlet.http.HttpServletResponse)
Mapped URL path [/webjars/**] onto handler of type [class org.springframework.web.servlet.resource.ResourceHttpRequestHandler]
Mapped URL path [/**] onto handler of type [class org.springframework.web.servlet.resource.ResourceHttpRequestHandler]
Mapped URL path [/**/favicon.ico] onto handler of type [class org.springframework.web.servlet.resource.ResourceHttpRequestHandler]
Started ProductCategoryRepositoryTest in 13.239 seconds (JVM running for 15.376)
Began transaction (1) for test context [DefaultTestContext@32cf48b7 testClass = ProductCategoryRepositoryTest, testInstance = com.obj.sell.repository.ProductCategoryRepositoryTest@599f1b7, testMethod = testSave@ProductCategoryRepositoryTest, testException = [null], mergedContextConfiguration = [WebMergedContextConfiguration@679b62af testClass = ProductCategoryRepositoryTest, locations = '{}', classes = '{class com.obj.sell.SellApplication}', contextInitializerClasses = '[]', activeProfiles = '{}', propertySourceLocations = '{}', propertySourceProperties = '{org.springframework.boot.test.context.SpringBootTestContextBootstrapper=true}', contextCustomizers = set[org.springframework.boot.test.context.SpringBootTestContextCustomizer@3f49dace, org.springframework.boot.test.context.filter.ExcludeFilterContextCustomizer@56ac3a89, org.springframework.boot.test.mock.mockito.MockitoContextCustomizer@0, org.springframework.boot.test.autoconfigure.properties.PropertyMappingContextCustomizer@0, org.springframework.boot.test.autoconfigure.web.servlet.WebDriverContextCustomizerFactory$Customizer@3327bd23], resourceBasePath = 'src/main/webapp', contextLoader = 'org.springframework.boot.test.context.SpringBootContextLoader', parent = [null]]]; transaction manager [org.springframework.orm.jpa.JpaTransactionManager@1e3f86d5]; rollback [true]
Rolled back transaction for test context [DefaultTestContext@32cf48b7 testClass = ProductCategoryRepositoryTest, testInstance = com.obj.sell.repository.ProductCategoryRepositoryTest@599f1b7, testMethod = testSave@ProductCategoryRepositoryTest, testException = [null], mergedContextConfiguration = [WebMergedContextConfiguration@679b62af testClass = ProductCategoryRepositoryTest, locations = '{}', classes = '{class com.obj.sell.SellApplication}', contextInitializerClasses = '[]', activeProfiles = '{}', propertySourceLocations = '{}', propertySourceProperties = '{org.springframework.boot.test.context.SpringBootTestContextBootstrapper=true}', contextCustomizers = set[org.springframework.boot.test.context.SpringBootTestContextCustomizer@3f49dace, org.springframework.boot.test.context.filter.ExcludeFilterContextCustomizer@56ac3a89, org.springframework.boot.test.mock.mockito.MockitoContextCustomizer@0, org.springframework.boot.test.autoconfigure.properties.PropertyMappingContextCustomizer@0, org.springframework.boot.test.autoconfigure.web.servlet.WebDriverContextCustomizerFactory$Customizer@3327bd23], resourceBasePath = 'src/main/webapp', contextLoader = 'org.springframework.boot.test.context.SpringBootContextLoader', parent = [null]]].
Closing org.springframework.web.context.support.GenericWebApplicationContext@413d1baf: startup date [Wed Feb 05 15:00:45 CST 2020]; root of context hierarchy
Closing JPA EntityManagerFactory for persistence unit 'default'
Starting ProductCategoryRepositoryTest on medo.local with PID 13819 (started by medo in /Users/medo/project/java/springboot/sell_pro)
No active profile set, falling back to default profiles: default
Refreshing org.springframework.web.context.support.GenericWebApplicationContext@16eb3ea3: startup date [Wed Feb 05 15:11:21 CST 2020]; root of context hierarchy
HV000001: Hibernate Validator 5.3.5.Final
Starting ProductCategoryRepositoryTest on medo.local with PID 14332 (started by medo in /Users/medo/project/java/springboot/sell_pro)
No active profile set, falling back to default profiles: default
Refreshing org.springframework.web.context.support.GenericWebApplicationContext@339bf286: startup date [Wed Feb 05 15:11:39 CST 2020]; root of context hierarchy
HV000001: Hibernate Validator 5.3.5.Final
Building JPA container EntityManagerFactory for persistence unit 'default'
HHH000204: Processing PersistenceUnitInfo [
	name: default
	...]
HHH000412: Hibernate Core {5.0.12.Final}
HHH000206: hibernate.properties not found
HHH000021: Bytecode provider name : javassist
HCANN000001: Hibernate Commons Annotations {5.0.1.Final}
HHH000400: Using dialect: org.hibernate.dialect.MySQL5Dialect
Initialized JPA EntityManagerFactory for persistence unit 'default'
Exception encountered during context initialization - cancelling refresh attempt: org.springframework.beans.factory.BeanCreationException: Error creating bean with name 'requestMappingHandlerAdapter' defined in class path resource [org/springframework/boot/autoconfigure/web/WebMvcAutoConfiguration$EnableWebMvcConfiguration.class]: Bean instantiation via factory method failed; nested exception is org.springframework.beans.BeanInstantiationException: Failed to instantiate [org.springframework.web.servlet.mvc.method.annotation.RequestMappingHandlerAdapter]: Factory method 'requestMappingHandlerAdapter' threw exception; nested exception is org.springframework.beans.factory.BeanCreationException: Error creating bean with name 'mvcConversionService' defined in class path resource [org/springframework/boot/autoconfigure/web/WebMvcAutoConfiguration$EnableWebMvcConfiguration.class]: Bean instantiation via factory method failed; nested exception is org.springframework.beans.BeanInstantiationException: Failed to instantiate [org.springframework.format.support.FormattingConversionService]: Factory method 'mvcConversionService' threw exception; nested exception is org.springframework.beans.factory.BeanCreationException: Error creating bean with name 'productCategoryRepository': Invocation of init method failed; nested exception is org.springframework.data.mapping.PropertyReferenceException: No property findbyProductCategoryType found for type ProductCategory!
Closing JPA EntityManagerFactory for persistence unit 'default'


Error starting ApplicationContext. To display the auto-configuration report re-run your application with 'debug' enabled.
Starting ProductCategoryRepositoryTest on medo.local with PID 15356 (started by medo in /Users/medo/project/java/springboot/sell_pro)
No active profile set, falling back to default profiles: default
Refreshing org.springframework.web.context.support.GenericWebApplicationContext@339bf286: startup date [Wed Feb 05 15:12:15 CST 2020]; root of context hierarchy
HV000001: Hibernate Validator 5.3.5.Final
Building JPA container EntityManagerFactory for persistence unit 'default'
HHH000204: Processing PersistenceUnitInfo [
	name: default
	...]
HHH000412: Hibernate Core {5.0.12.Final}
HHH000206: hibernate.properties not found
HHH000021: Bytecode provider name : javassist
HCANN000001: Hibernate Commons Annotations {5.0.1.Final}
HHH000400: Using dialect: org.hibernate.dialect.MySQL5Dialect
Initialized JPA EntityManagerFactory for persistence unit 'default'
Exception encountered during context initialization - cancelling refresh attempt: org.springframework.beans.factory.BeanCreationException: Error creating bean with name 'requestMappingHandlerAdapter' defined in class path resource [org/springframework/boot/autoconfigure/web/WebMvcAutoConfiguration$EnableWebMvcConfiguration.class]: Bean instantiation via factory method failed; nested exception is org.springframework.beans.BeanInstantiationException: Failed to instantiate [org.springframework.web.servlet.mvc.method.annotation.RequestMappingHandlerAdapter]: Factory method 'requestMappingHandlerAdapter' threw exception; nested exception is org.springframework.beans.factory.BeanCreationException: Error creating bean with name 'mvcConversionService' defined in class path resource [org/springframework/boot/autoconfigure/web/WebMvcAutoConfiguration$EnableWebMvcConfiguration.class]: Bean instantiation via factory method failed; nested exception is org.springframework.beans.BeanInstantiationException: Failed to instantiate [org.springframework.format.support.FormattingConversionService]: Factory method 'mvcConversionService' threw exception; nested exception is org.springframework.beans.factory.BeanCreationException: Error creating bean with name 'productCategoryRepository': Invocation of init method failed; nested exception is org.springframework.data.mapping.PropertyReferenceException: No property findbyProductCategoryType found for type ProductCategory!
Closing JPA EntityManagerFactory for persistence unit 'default'


Error starting ApplicationContext. To display the auto-configuration report re-run your application with 'debug' enabled.
Starting ProductCategoryRepositoryTest on medo.local with PID 21504 (started by medo in /Users/medo/project/java/springboot/sell_pro)
No active profile set, falling back to default profiles: default
Refreshing org.springframework.web.context.support.GenericWebApplicationContext@16eb3ea3: startup date [Wed Feb 05 15:16:36 CST 2020]; root of context hierarchy
HV000001: Hibernate Validator 5.3.5.Final
Building JPA container EntityManagerFactory for persistence unit 'default'
HHH000204: Processing PersistenceUnitInfo [
	name: default
	...]
HHH000412: Hibernate Core {5.0.12.Final}
HHH000206: hibernate.properties not found
HHH000021: Bytecode provider name : javassist
HCANN000001: Hibernate Commons Annotations {5.0.1.Final}
HHH000400: Using dialect: org.hibernate.dialect.MySQL5Dialect
Initialized JPA EntityManagerFactory for persistence unit 'default'
Exception encountered during context initialization - cancelling refresh attempt: org.springframework.beans.factory.BeanCreationException: Error creating bean with name 'requestMappingHandlerAdapter' defined in class path resource [org/springframework/boot/autoconfigure/web/WebMvcAutoConfiguration$EnableWebMvcConfiguration.class]: Bean instantiation via factory method failed; nested exception is org.springframework.beans.BeanInstantiationException: Failed to instantiate [org.springframework.web.servlet.mvc.method.annotation.RequestMappingHandlerAdapter]: Factory method 'requestMappingHandlerAdapter' threw exception; nested exception is org.springframework.beans.factory.BeanCreationException: Error creating bean with name 'mvcConversionService' defined in class path resource [org/springframework/boot/autoconfigure/web/WebMvcAutoConfiguration$EnableWebMvcConfiguration.class]: Bean instantiation via factory method failed; nested exception is org.springframework.beans.BeanInstantiationException: Failed to instantiate [org.springframework.format.support.FormattingConversionService]: Factory method 'mvcConversionService' threw exception; nested exception is org.springframework.beans.factory.BeanCreationException: Error creating bean with name 'productCategoryRepository': Invocation of init method failed; nested exception is org.springframework.data.mapping.PropertyReferenceException: No property productCategoryType found for type ProductCategory!
Closing JPA EntityManagerFactory for persistence unit 'default'


Error starting ApplicationContext. To display the auto-configuration report re-run your application with 'debug' enabled.
Starting ProductCategoryRepositoryTest on medo.local with PID 41774 (started by medo in /Users/medo/project/java/springboot/sell_pro)
No active profile set, falling back to default profiles: default
Refreshing org.springframework.web.context.support.GenericWebApplicationContext@16eb3ea3: startup date [Wed Feb 05 16:26:02 CST 2020]; root of context hierarchy
HV000001: Hibernate Validator 5.3.5.Final
Building JPA container EntityManagerFactory for persistence unit 'default'
HHH000204: Processing PersistenceUnitInfo [
	name: default
	...]
HHH000412: Hibernate Core {5.0.12.Final}
HHH000206: hibernate.properties not found
HHH000021: Bytecode provider name : javassist
HCANN000001: Hibernate Commons Annotations {5.0.1.Final}
HHH000400: Using dialect: org.hibernate.dialect.MySQL5Dialect
Initialized JPA EntityManagerFactory for persistence unit 'default'
Exception encountered during context initialization - cancelling refresh attempt: org.springframework.beans.factory.BeanCreationException: Error creating bean with name 'requestMappingHandlerAdapter' defined in class path resource [org/springframework/boot/autoconfigure/web/WebMvcAutoConfiguration$EnableWebMvcConfiguration.class]: Bean instantiation via factory method failed; nested exception is org.springframework.beans.BeanInstantiationException: Failed to instantiate [org.springframework.web.servlet.mvc.method.annotation.RequestMappingHandlerAdapter]: Factory method 'requestMappingHandlerAdapter' threw exception; nested exception is org.springframework.beans.factory.BeanCreationException: Error creating bean with name 'mvcConversionService' defined in class path resource [org/springframework/boot/autoconfigure/web/WebMvcAutoConfiguration$EnableWebMvcConfiguration.class]: Bean instantiation via factory method failed; nested exception is org.springframework.beans.BeanInstantiationException: Failed to instantiate [org.springframework.format.support.FormattingConversionService]: Factory method 'mvcConversionService' threw exception; nested exception is org.springframework.beans.factory.BeanCreationException: Error creating bean with name 'productCategoryRepository': Invocation of init method failed; nested exception is org.springframework.data.mapping.PropertyReferenceException: No property productCategoryType found for type ProductCategory!
Closing JPA EntityManagerFactory for persistence unit 'default'


Error starting ApplicationContext. To display the auto-configuration report re-run your application with 'debug' enabled.
Starting ProductCategoryRepositoryTest on medo.local with PID 42547 (started by medo in /Users/medo/project/java/springboot/sell_pro)
No active profile set, falling back to default profiles: default
Refreshing org.springframework.web.context.support.GenericWebApplicationContext@413d1baf: startup date [Wed Feb 05 16:26:39 CST 2020]; root of context hierarchy
HV000001: Hibernate Validator 5.3.5.Final
Building JPA container EntityManagerFactory for persistence unit 'default'
HHH000204: Processing PersistenceUnitInfo [
	name: default
	...]
HHH000412: Hibernate Core {5.0.12.Final}
HHH000206: hibernate.properties not found
HHH000021: Bytecode provider name : javassist
HCANN000001: Hibernate Commons Annotations {5.0.1.Final}
HHH000400: Using dialect: org.hibernate.dialect.MySQL5Dialect
Initialized JPA EntityManagerFactory for persistence unit 'default'
Looking for @ControllerAdvice: org.springframework.web.context.support.GenericWebApplicationContext@413d1baf: startup date [Wed Feb 05 16:26:39 CST 2020]; root of context hierarchy
Mapped "{[/error]}" onto public org.springframework.http.ResponseEntity<java.util.Map<java.lang.String, java.lang.Object>> org.springframework.boot.autoconfigure.web.BasicErrorController.error(javax.servlet.http.HttpServletRequest)
Mapped "{[/error],produces=[text/html]}" onto public org.springframework.web.servlet.ModelAndView org.springframework.boot.autoconfigure.web.BasicErrorController.errorHtml(javax.servlet.http.HttpServletRequest,javax.servlet.http.HttpServletResponse)
Mapped URL path [/webjars/**] onto handler of type [class org.springframework.web.servlet.resource.ResourceHttpRequestHandler]
Mapped URL path [/**] onto handler of type [class org.springframework.web.servlet.resource.ResourceHttpRequestHandler]
Mapped URL path [/**/favicon.ico] onto handler of type [class org.springframework.web.servlet.resource.ResourceHttpRequestHandler]
Started ProductCategoryRepositoryTest in 9.359 seconds (JVM running for 11.259)
Closing org.springframework.web.context.support.GenericWebApplicationContext@413d1baf: startup date [Wed Feb 05 16:26:39 CST 2020]; root of context hierarchy
Closing JPA EntityManagerFactory for persistence unit 'default'
Starting ProductCategoryRepositoryTest on medo.local with PID 43572 (started by medo in /Users/medo/project/java/springboot/sell_pro)
No active profile set, falling back to default profiles: default
Refreshing org.springframework.web.context.support.GenericWebApplicationContext@413d1baf: startup date [Wed Feb 05 16:27:15 CST 2020]; root of context hierarchy
HV000001: Hibernate Validator 5.3.5.Final
Building JPA container EntityManagerFactory for persistence unit 'default'
HHH000204: Processing PersistenceUnitInfo [
	name: default
	...]
HHH000412: Hibernate Core {5.0.12.Final}
HHH000206: hibernate.properties not found
HHH000021: Bytecode provider name : javassist
HCANN000001: Hibernate Commons Annotations {5.0.1.Final}
HHH000400: Using dialect: org.hibernate.dialect.MySQL5Dialect
Initialized JPA EntityManagerFactory for persistence unit 'default'
Exception encountered during context initialization - cancelling refresh attempt: org.springframework.beans.factory.BeanCreationException: Error creating bean with name 'requestMappingHandlerAdapter' defined in class path resource [org/springframework/boot/autoconfigure/web/WebMvcAutoConfiguration$EnableWebMvcConfiguration.class]: Bean instantiation via factory method failed; nested exception is org.springframework.beans.BeanInstantiationException: Failed to instantiate [org.springframework.web.servlet.mvc.method.annotation.RequestMappingHandlerAdapter]: Factory method 'requestMappingHandlerAdapter' threw exception; nested exception is org.springframework.beans.factory.BeanCreationException: Error creating bean with name 'mvcConversionService' defined in class path resource [org/springframework/boot/autoconfigure/web/WebMvcAutoConfiguration$EnableWebMvcConfiguration.class]: Bean instantiation via factory method failed; nested exception is org.springframework.beans.BeanInstantiationException: Failed to instantiate [org.springframework.format.support.FormattingConversionService]: Factory method 'mvcConversionService' threw exception; nested exception is org.springframework.beans.factory.BeanCreationException: Error creating bean with name 'productCategoryRepository': Invocation of init method failed; nested exception is org.springframework.data.mapping.PropertyReferenceException: No property productCategoryType found for type ProductCategory!
Closing JPA EntityManagerFactory for persistence unit 'default'


Error starting ApplicationContext. To display the auto-configuration report re-run your application with 'debug' enabled.
Starting ProductCategoryRepositoryTest on medo.local with PID 45154 (started by medo in /Users/medo/project/java/springboot/sell_pro)
No active profile set, falling back to default profiles: default
Refreshing org.springframework.web.context.support.GenericWebApplicationContext@413d1baf: startup date [Wed Feb 05 16:28:26 CST 2020]; root of context hierarchy
HV000001: Hibernate Validator 5.3.5.Final
Building JPA container EntityManagerFactory for persistence unit 'default'
HHH000204: Processing PersistenceUnitInfo [
	name: default
	...]
HHH000412: Hibernate Core {5.0.12.Final}
HHH000206: hibernate.properties not found
HHH000021: Bytecode provider name : javassist
HCANN000001: Hibernate Commons Annotations {5.0.1.Final}
HHH000400: Using dialect: org.hibernate.dialect.MySQL5Dialect
Initialized JPA EntityManagerFactory for persistence unit 'default'
Looking for @ControllerAdvice: org.springframework.web.context.support.GenericWebApplicationContext@413d1baf: startup date [Wed Feb 05 16:28:26 CST 2020]; root of context hierarchy
Mapped "{[/error]}" onto public org.springframework.http.ResponseEntity<java.util.Map<java.lang.String, java.lang.Object>> org.springframework.boot.autoconfigure.web.BasicErrorController.error(javax.servlet.http.HttpServletRequest)
Mapped "{[/error],produces=[text/html]}" onto public org.springframework.web.servlet.ModelAndView org.springframework.boot.autoconfigure.web.BasicErrorController.errorHtml(javax.servlet.http.HttpServletRequest,javax.servlet.http.HttpServletResponse)
Mapped URL path [/webjars/**] onto handler of type [class org.springframework.web.servlet.resource.ResourceHttpRequestHandler]
Mapped URL path [/**] onto handler of type [class org.springframework.web.servlet.resource.ResourceHttpRequestHandler]
Mapped URL path [/**/favicon.ico] onto handler of type [class org.springframework.web.servlet.resource.ResourceHttpRequestHandler]
Started ProductCategoryRepositoryTest in 7.192 seconds (JVM running for 9.025)
Closing org.springframework.web.context.support.GenericWebApplicationContext@413d1baf: startup date [Wed Feb 05 16:28:26 CST 2020]; root of context hierarchy
Closing JPA EntityManagerFactory for persistence unit 'default'
Starting ProductCategoryRepositoryTest on medo.local with PID 46914 (started by medo in /Users/medo/project/java/springboot/sell_pro)
No active profile set, falling back to default profiles: default
Refreshing org.springframework.web.context.support.GenericWebApplicationContext@339bf286: startup date [Wed Feb 05 16:29:31 CST 2020]; root of context hierarchy
HV000001: Hibernate Validator 5.3.5.Final
Building JPA container EntityManagerFactory for persistence unit 'default'
HHH000204: Processing PersistenceUnitInfo [
	name: default
	...]
HHH000412: Hibernate Core {5.0.12.Final}
HHH000206: hibernate.properties not found
HHH000021: Bytecode provider name : javassist
HCANN000001: Hibernate Commons Annotations {5.0.1.Final}
HHH000400: Using dialect: org.hibernate.dialect.MySQL5Dialect
Initialized JPA EntityManagerFactory for persistence unit 'default'
Exception encountered during context initialization - cancelling refresh attempt: org.springframework.beans.factory.BeanCreationException: Error creating bean with name 'requestMappingHandlerAdapter' defined in class path resource [org/springframework/boot/autoconfigure/web/WebMvcAutoConfiguration$EnableWebMvcConfiguration.class]: Bean instantiation via factory method failed; nested exception is org.springframework.beans.BeanInstantiationException: Failed to instantiate [org.springframework.web.servlet.mvc.method.annotation.RequestMappingHandlerAdapter]: Factory method 'requestMappingHandlerAdapter' threw exception; nested exception is org.springframework.beans.factory.BeanCreationException: Error creating bean with name 'mvcConversionService' defined in class path resource [org/springframework/boot/autoconfigure/web/WebMvcAutoConfiguration$EnableWebMvcConfiguration.class]: Bean instantiation via factory method failed; nested exception is org.springframework.beans.BeanInstantiationException: Failed to instantiate [org.springframework.format.support.FormattingConversionService]: Factory method 'mvcConversionService' threw exception; nested exception is org.springframework.beans.factory.BeanCreationException: Error creating bean with name 'productCategoryRepository': Invocation of init method failed; nested exception is org.springframework.data.mapping.PropertyReferenceException: No property test found for type ProductCategory!
Closing JPA EntityManagerFactory for persistence unit 'default'


Error starting ApplicationContext. To display the auto-configuration report re-run your application with 'debug' enabled.
Starting ProductCategoryRepositoryTest on medo.local with PID 49496 (started by medo in /Users/medo/project/java/springboot/sell_pro)
No active profile set, falling back to default profiles: default
Refreshing org.springframework.web.context.support.GenericWebApplicationContext@631e06ab: startup date [Wed Feb 05 16:31:21 CST 2020]; root of context hierarchy
HV000001: Hibernate Validator 5.3.5.Final
Building JPA container EntityManagerFactory for persistence unit 'default'
HHH000204: Processing PersistenceUnitInfo [
	name: default
	...]
HHH000412: Hibernate Core {5.0.12.Final}
HHH000206: hibernate.properties not found
HHH000021: Bytecode provider name : javassist
HCANN000001: Hibernate Commons Annotations {5.0.1.Final}
HHH000400: Using dialect: org.hibernate.dialect.MySQL5Dialect
Initialized JPA EntityManagerFactory for persistence unit 'default'
Looking for @ControllerAdvice: org.springframework.web.context.support.GenericWebApplicationContext@631e06ab: startup date [Wed Feb 05 16:31:21 CST 2020]; root of context hierarchy
Mapped "{[/error]}" onto public org.springframework.http.ResponseEntity<java.util.Map<java.lang.String, java.lang.Object>> org.springframework.boot.autoconfigure.web.BasicErrorController.error(javax.servlet.http.HttpServletRequest)
Mapped "{[/error],produces=[text/html]}" onto public org.springframework.web.servlet.ModelAndView org.springframework.boot.autoconfigure.web.BasicErrorController.errorHtml(javax.servlet.http.HttpServletRequest,javax.servlet.http.HttpServletResponse)
Mapped URL path [/webjars/**] onto handler of type [class org.springframework.web.servlet.resource.ResourceHttpRequestHandler]
Mapped URL path [/**] onto handler of type [class org.springframework.web.servlet.resource.ResourceHttpRequestHandler]
Mapped URL path [/**/favicon.ico] onto handler of type [class org.springframework.web.servlet.resource.ResourceHttpRequestHandler]
Started ProductCategoryRepositoryTest in 10.143 seconds (JVM running for 12.626)
Starting ProductCategoryRepositoryTest on medo.local with PID 50522 (started by medo in /Users/medo/project/java/springboot/sell_pro)
No active profile set, falling back to default profiles: default
Refreshing org.springframework.web.context.support.GenericWebApplicationContext@2611b9a3: startup date [Wed Feb 05 16:32:01 CST 2020]; root of context hierarchy
HV000001: Hibernate Validator 5.3.5.Final
Building JPA container EntityManagerFactory for persistence unit 'default'
HHH000204: Processing PersistenceUnitInfo [
	name: default
	...]
HHH000412: Hibernate Core {5.0.12.Final}
HHH000206: hibernate.properties not found
HHH000021: Bytecode provider name : javassist
HCANN000001: Hibernate Commons Annotations {5.0.1.Final}
HHH000400: Using dialect: org.hibernate.dialect.MySQL5Dialect
Initialized JPA EntityManagerFactory for persistence unit 'default'
Looking for @ControllerAdvice: org.springframework.web.context.support.GenericWebApplicationContext@2611b9a3: startup date [Wed Feb 05 16:32:01 CST 2020]; root of context hierarchy
Mapped "{[/error]}" onto public org.springframework.http.ResponseEntity<java.util.Map<java.lang.String, java.lang.Object>> org.springframework.boot.autoconfigure.web.BasicErrorController.error(javax.servlet.http.HttpServletRequest)
Mapped "{[/error],produces=[text/html]}" onto public org.springframework.web.servlet.ModelAndView org.springframework.boot.autoconfigure.web.BasicErrorController.errorHtml(javax.servlet.http.HttpServletRequest,javax.servlet.http.HttpServletResponse)
Mapped URL path [/webjars/**] onto handler of type [class org.springframework.web.servlet.resource.ResourceHttpRequestHandler]
Mapped URL path [/**] onto handler of type [class org.springframework.web.servlet.resource.ResourceHttpRequestHandler]
Mapped URL path [/**/favicon.ico] onto handler of type [class org.springframework.web.servlet.resource.ResourceHttpRequestHandler]
Started ProductCategoryRepositoryTest in 10.591 seconds (JVM running for 12.558)
HHH000397: Using ASTQueryTranslatorFactory
Closing org.springframework.web.context.support.GenericWebApplicationContext@2611b9a3: startup date [Wed Feb 05 16:32:01 CST 2020]; root of context hierarchy
Closing JPA EntityManagerFactory for persistence unit 'default'
HHH000397: Using ASTQueryTranslatorFactory
Closing org.springframework.web.context.support.GenericWebApplicationContext@631e06ab: startup date [Wed Feb 05 16:31:21 CST 2020]; root of context hierarchy
Closing JPA EntityManagerFactory for persistence unit 'default'
Starting ProductCategoryServiceImplTest on medo.local with PID 8788 (started by medo in /Users/medo/project/java/springboot/sell_pro)
No active profile set, falling back to default profiles: default
Refreshing org.springframework.web.context.support.GenericWebApplicationContext@1349883: startup date [Wed Feb 05 20:41:34 CST 2020]; root of context hierarchy
HV000001: Hibernate Validator 5.3.5.Final
Building JPA container EntityManagerFactory for persistence unit 'default'
HHH000204: Processing PersistenceUnitInfo [
	name: default
	...]
HHH000412: Hibernate Core {5.0.12.Final}
HHH000206: hibernate.properties not found
HHH000021: Bytecode provider name : javassist
HCANN000001: Hibernate Commons Annotations {5.0.1.Final}
HHH000400: Using dialect: org.hibernate.dialect.MySQL5Dialect
Initialized JPA EntityManagerFactory for persistence unit 'default'
Looking for @ControllerAdvice: org.springframework.web.context.support.GenericWebApplicationContext@1349883: startup date [Wed Feb 05 20:41:34 CST 2020]; root of context hierarchy
Mapped "{[/error]}" onto public org.springframework.http.ResponseEntity<java.util.Map<java.lang.String, java.lang.Object>> org.springframework.boot.autoconfigure.web.BasicErrorController.error(javax.servlet.http.HttpServletRequest)
Mapped "{[/error],produces=[text/html]}" onto public org.springframework.web.servlet.ModelAndView org.springframework.boot.autoconfigure.web.BasicErrorController.errorHtml(javax.servlet.http.HttpServletRequest,javax.servlet.http.HttpServletResponse)
Mapped URL path [/webjars/**] onto handler of type [class org.springframework.web.servlet.resource.ResourceHttpRequestHandler]
Mapped URL path [/**] onto handler of type [class org.springframework.web.servlet.resource.ResourceHttpRequestHandler]
Mapped URL path [/**/favicon.ico] onto handler of type [class org.springframework.web.servlet.resource.ResourceHttpRequestHandler]
Started ProductCategoryServiceImplTest in 8.014 seconds (JVM running for 9.574)
HHH000397: Using ASTQueryTranslatorFactory
Closing org.springframework.web.context.support.GenericWebApplicationContext@1349883: startup date [Wed Feb 05 20:41:34 CST 2020]; root of context hierarchy
Closing JPA EntityManagerFactory for persistence unit 'default'
